#-----------------------------------------------------------
# Vivado v2021.1 (64-bit)
# SW Build 3247384 on Thu Jun 10 19:36:33 MDT 2021
# IP Build 3246043 on Fri Jun 11 00:30:35 MDT 2021
# Start of session at: Sun Oct  1 08:34:49 2023
# Process ID: 5104
# Current directory: C:/Users/user/Desktop/VLSI internship/project_1/traffic_light_controller
# Command line: vivado.exe -gui_launcher_event rodinguilauncherevent12844 C:\Users\user\Desktop\VLSI internship\project_1\traffic_light_controller\traffic_light_controller.xpr
# Log file: C:/Users/user/Desktop/VLSI internship/project_1/traffic_light_controller/vivado.log
# Journal file: C:/Users/user/Desktop/VLSI internship/project_1/traffic_light_controller\vivado.jou
#-----------------------------------------------------------
start_gui
open_project {C:/Users/user/Desktop/VLSI internship/project_1/traffic_light_controller/traffic_light_controller.xpr}
WARNING: [filemgmt 56-3] Default IP Output Path : Could not find the directory 'C:/Users/user/Desktop/VLSI internship/project_1/traffic_light_controller/traffic_light_controller.gen/sources_1'.
Scanning sources...
Finished scanning sources
INFO: [IP_Flow 19-234] Refreshing IP repositories
INFO: [IP_Flow 19-1704] No user IP repositories specified
INFO: [IP_Flow 19-2313] Loaded Vivado IP repository 'C:/Xilinx/Vivado/2021.1/data/ip'.
open_project: Time (s): cpu = 00:00:19 ; elapsed = 00:00:10 . Memory (MB): peak = 1133.688 ; gain = 0.000
update_compile_order -fileset sources_1
